<!DOCTYPE html>

<html>
  <head>
  <meta charset='utf-8'>
  <title>TestNG reports</title>

    <link type="text/css" href="testng-reports1.css" rel="stylesheet" id="ultra" />
    <link type="text/css" href="testng-reports.css" rel="stylesheet" id="retro" disabled="false"/>
    <script type="text/javascript" src="jquery-3.6.0.min.js"></script>
    <script type="text/javascript" src="testng-reports.js"></script>
    <script type="text/javascript" src="https://www.google.com/jsapi"></script>
    <script type='text/javascript'>
      google.load('visualization', '1', {packages:['table']});
      google.setOnLoadCallback(drawTable);
      var suiteTableInitFunctions = new Array();
      var suiteTableData = new Array();
    </script>
    <!--
      <script type="text/javascript" src="jquery-ui/js/jquery-ui-1.8.16.custom.min.js"></script>
     -->
  </head>

  <body>    <div class="top-banner-root">
      <span class="top-banner-title-font">Test results</span>
      <button id="button" class="button">Switch Retro Theme</button> <!-- button -->
      <br/>
      <span class="top-banner-font-1">1 suite, 4 failed tests</span>
    </div> <!-- top-banner-root -->
    <div class="navigator-root">
      <div class="navigator-suite-header">
        <span>All suites</span>
        <a href="#" title="Collapse/expand all the suites" class="collapse-all-link">
          <img src="collapseall.gif" class="collapse-all-icon">
          </img> <!-- collapse-all-icon -->
        </a> <!-- collapse-all-link -->
      </div> <!-- navigator-suite-header -->
      <div class="suite">
        <div class="rounded-window">
          <div class="suite-header light-rounded-window-top">
            <a href="#" panel-name="suite-OpenCart_Regression_Suite_test" class="navigator-link">
              <span class="suite-name border-failed">OpenCart Regression Suite test</span>
            </a> <!-- navigator-link -->
          </div> <!-- suite-header light-rounded-window-top -->
          <div class="navigator-suite-content">
            <div class="suite-section-title">
              <span>Info</span>
            </div> <!-- suite-section-title -->
            <div class="suite-section-content">
              <ul>
                <li>
                  <a href="#" panel-name="test-xml-OpenCart_Regression_Suite_test" class="navigator-link ">
                    <span>C:\Users\Nitin01\eclipse-workspace\March2023OpenCart\testng.xml</span>
                  </a> <!-- navigator-link  -->
                </li>
                <li>
                  <a href="#" panel-name="testlist-OpenCart_Regression_Suite_test" class="navigator-link ">
                    <span class="test-stats">3 tests</span>
                  </a> <!-- navigator-link  -->
                </li>
                <li>
                  <a href="#" panel-name="group-OpenCart_Regression_Suite_test" class="navigator-link ">
                    <span>0 groups</span>
                  </a> <!-- navigator-link  -->
                </li>
                <li>
                  <a href="#" panel-name="times-OpenCart_Regression_Suite_test" class="navigator-link ">
                    <span>Times</span>
                  </a> <!-- navigator-link  -->
                </li>
                <li>
                  <a href="#" panel-name="reporter-OpenCart_Regression_Suite_test" class="navigator-link ">
                    <span>Reporter output</span>
                  </a> <!-- navigator-link  -->
                </li>
                <li>
                  <a href="#" panel-name="ignored-methods-OpenCart_Regression_Suite_test" class="navigator-link ">
                    <span>Ignored methods</span>
                  </a> <!-- navigator-link  -->
                </li>
                <li>
                  <a href="#" panel-name="chronological-OpenCart_Regression_Suite_test" class="navigator-link ">
                    <span>Chronological view</span>
                  </a> <!-- navigator-link  -->
                </li>
              </ul>
            </div> <!-- suite-section-content -->
            <div class="result-section">
              <div class="suite-section-title">
                <span>Results</span>
              </div> <!-- suite-section-title -->
              <div class="suite-section-content">
                <ul>
                  <li>
                    <span class="method-stats">12 methods, 4 failed,   8 passed</span>
                  </li>
                  <li>
                    <span class="method-list-title failed">Failed methods</span>
                    <span class="show-or-hide-methods failed">
                      <a href="#" panel-name="suite-OpenCart_Regression_Suite_test" class="hide-methods failed suite-OpenCart_Regression_Suite_test"> (hide)</a> <!-- hide-methods failed suite-OpenCart_Regression_Suite_test -->
                      <a href="#" panel-name="suite-OpenCart_Regression_Suite_test" class="show-methods failed suite-OpenCart_Regression_Suite_test"> (show)</a> <!-- show-methods failed suite-OpenCart_Regression_Suite_test -->
                    </span>
                    <div class="method-list-content failed suite-OpenCart_Regression_Suite_test">
                      <span>
                        <img src="failed.png" width="3%"/>
                        <a href="#" panel-name="suite-OpenCart_Regression_Suite_test" title="com.qa.opencart.TestClass.AccountsPageTest" class="method navigator-link" hash-for-method="searchTest(samsung, Samsung Galaxy Tab 10.1, 7)">searchTest(samsung, Samsung Galaxy Tab 10.1, 7)</a> <!-- method navigator-link -->
                      </span>
                      <br/>
                      <span>
                        <img src="failed.png" width="3%"/>
                        <a href="#" panel-name="suite-OpenCart_Regression_Suite_test" title="com.qa.opencart.TestClass.AccountsPageTest" class="method navigator-link" hash-for-method="searchTest(macbook, MacBook Pro, 3)">searchTest(macbook, MacBook Pro, 3)</a> <!-- method navigator-link -->
                      </span>
                      <br/>
                      <span>
                        <img src="failed.png" width="3%"/>
                        <a href="#" panel-name="suite-OpenCart_Regression_Suite_test" title="com.qa.opencart.TestClass.AccountsPageTest" class="method navigator-link" hash-for-method="searchTest(imac, iMac, 3)">searchTest(imac, iMac, 3)</a> <!-- method navigator-link -->
                      </span>
                      <br/>
                      <span>
                        <img src="failed.png" width="3%"/>
                        <a href="#" panel-name="suite-OpenCart_Regression_Suite_test" title="com.qa.opencart.TestClass.AccountsPageTest" class="method navigator-link" hash-for-method="searchTest(samsung, Samsung SyncMaster 941BW, 1)">searchTest(samsung, Samsung SyncMaster 941BW, 1)</a> <!-- method navigator-link -->
                      </span>
                      <br/>
                    </div> <!-- method-list-content failed suite-OpenCart_Regression_Suite_test -->
                  </li>
                  <li>
                    <span class="method-list-title passed">Passed methods</span>
                    <span class="show-or-hide-methods passed">
                      <a href="#" panel-name="suite-OpenCart_Regression_Suite_test" class="hide-methods passed suite-OpenCart_Regression_Suite_test"> (hide)</a> <!-- hide-methods passed suite-OpenCart_Regression_Suite_test -->
                      <a href="#" panel-name="suite-OpenCart_Regression_Suite_test" class="show-methods passed suite-OpenCart_Regression_Suite_test"> (show)</a> <!-- show-methods passed suite-OpenCart_Regression_Suite_test -->
                    </span>
                    <div class="method-list-content passed suite-OpenCart_Regression_Suite_test">
                      <span>
                        <img src="passed.png" width="3%"/>
                        <a href="#" panel-name="suite-OpenCart_Regression_Suite_test" title="com.qa.opencart.TestClass.LoginPageTest" class="method navigator-link" hash-for-method="LoginPageTitleTest">LoginPageTitleTest</a> <!-- method navigator-link -->
                      </span>
                      <br/>
                      <span>
                        <img src="passed.png" width="3%"/>
                        <a href="#" panel-name="suite-OpenCart_Regression_Suite_test" title="com.qa.opencart.TestClass.LoginPageTest" class="method navigator-link" hash-for-method="LoginPageUrlTest">LoginPageUrlTest</a> <!-- method navigator-link -->
                      </span>
                      <br/>
                      <span>
                        <img src="passed.png" width="3%"/>
                        <a href="#" panel-name="suite-OpenCart_Regression_Suite_test" title="com.qa.opencart.TestClass.AccountsPageTest" class="method navigator-link" hash-for-method="accPageHeadersCountTest">accPageHeadersCountTest</a> <!-- method navigator-link -->
                      </span>
                      <br/>
                      <span>
                        <img src="passed.png" width="3%"/>
                        <a href="#" panel-name="suite-OpenCart_Regression_Suite_test" title="com.qa.opencart.TestClass.AccountsPageTest" class="method navigator-link" hash-for-method="accountsPageTitleTest">accountsPageTitleTest</a> <!-- method navigator-link -->
                      </span>
                      <br/>
                      <span>
                        <img src="passed.png" width="3%"/>
                        <a href="#" panel-name="suite-OpenCart_Regression_Suite_test" title="com.qa.opencart.TestClass.LoginPageTest" class="method navigator-link" hash-for-method="doLoginTest">doLoginTest</a> <!-- method navigator-link -->
                      </span>
                      <br/>
                      <span>
                        <img src="passed.png" width="3%"/>
                        <a href="#" panel-name="suite-OpenCart_Regression_Suite_test" title="com.qa.opencart.TestClass.LoginPageTest" class="method navigator-link" hash-for-method="isForgotPassLinkPresentTest">isForgotPassLinkPresentTest</a> <!-- method navigator-link -->
                      </span>
                      <br/>
                      <span>
                        <img src="passed.png" width="3%"/>
                        <a href="#" panel-name="suite-OpenCart_Regression_Suite_test" title="com.qa.opencart.TestClass.AccountsPageTest" class="method navigator-link" hash-for-method="logoutLinkExistsTest">logoutLinkExistsTest</a> <!-- method navigator-link -->
                      </span>
                      <br/>
                      <span>
                        <img src="passed.png" width="3%"/>
                        <a href="#" panel-name="suite-OpenCart_Regression_Suite_test" title="com.qa.opencart.TestClass.ProductInfoPageTest" class="method navigator-link" hash-for-method="productHeaderTest">productHeaderTest</a> <!-- method navigator-link -->
                      </span>
                      <br/>
                    </div> <!-- method-list-content passed suite-OpenCart_Regression_Suite_test -->
                  </li>
                </ul>
              </div> <!-- suite-section-content -->
            </div> <!-- result-section -->
          </div> <!-- navigator-suite-content -->
        </div> <!-- rounded-window -->
      </div> <!-- suite -->
    </div> <!-- navigator-root -->
    <div class="wrapper">
      <div class="main-panel-root">
        <div panel-name="suite-OpenCart_Regression_Suite_test" class="panel OpenCart_Regression_Suite_test">
          <div class="suite-OpenCart_Regression_Suite_test-class-failed">
            <div class="main-panel-header rounded-window-top">
              <img src="failed.png"/>
              <span class="class-name">com.qa.opencart.TestClass.AccountsPageTest</span>
            </div> <!-- main-panel-header rounded-window-top -->
            <div class="main-panel-content rounded-window-bottom">
              <div class="method">
                <div class="method-content">
                  <a name="searchTest(samsung, Samsung Galaxy Tab 10.1, 7)">
                  </a> <!-- searchTest(samsung, Samsung Galaxy Tab 10.1, 7) -->
                  <span class="method-name">searchTest</span>
                  <span class="parameters">(samsung,Samsung Galaxy Tab 10.1,7)</span>
                  <div class="stack-trace">java.lang.AssertionError: expected [7] but found [0]
	at com.qa.opencart.TestClass.AccountsPageTest.searchTest(AccountsPageTest.java:58)
	at java.base/java.util.ArrayList.forEach(ArrayList.java:1511)
	at java.base/java.util.concurrent.FutureTask.run(FutureTask.java:264)
	at java.base/java.util.concurrent.ThreadPoolExecutor.runWorker(ThreadPoolExecutor.java:1136)
	at java.base/java.util.concurrent.ThreadPoolExecutor$Worker.run(ThreadPoolExecutor.java:635)
	at java.base/java.lang.Thread.run(Thread.java:833)
... Removed 24 stack frames
</div> <!-- stack-trace -->
                </div> <!-- method-content -->
              </div> <!-- method -->
              <div class="method">
                <div class="method-content">
                  <a name="searchTest(macbook, MacBook Pro, 3)">
                  </a> <!-- searchTest(macbook, MacBook Pro, 3) -->
                  <span class="method-name">searchTest</span>
                  <span class="parameters">(macbook,MacBook Pro,3)</span>
                  <div class="stack-trace">java.lang.AssertionError: expected [3] but found [0]
	at com.qa.opencart.TestClass.AccountsPageTest.searchTest(AccountsPageTest.java:58)
	at java.base/java.util.ArrayList.forEach(ArrayList.java:1511)
	at java.base/java.util.concurrent.FutureTask.run(FutureTask.java:264)
	at java.base/java.util.concurrent.ThreadPoolExecutor.runWorker(ThreadPoolExecutor.java:1136)
	at java.base/java.util.concurrent.ThreadPoolExecutor$Worker.run(ThreadPoolExecutor.java:635)
	at java.base/java.lang.Thread.run(Thread.java:833)
... Removed 24 stack frames
</div> <!-- stack-trace -->
                </div> <!-- method-content -->
              </div> <!-- method -->
              <div class="method">
                <div class="method-content">
                  <a name="searchTest(imac, iMac, 3)">
                  </a> <!-- searchTest(imac, iMac, 3) -->
                  <span class="method-name">searchTest</span>
                  <span class="parameters">(imac,iMac,3)</span>
                  <div class="stack-trace">java.lang.AssertionError: expected [3] but found [0]
	at com.qa.opencart.TestClass.AccountsPageTest.searchTest(AccountsPageTest.java:58)
	at java.base/java.util.ArrayList.forEach(ArrayList.java:1511)
	at java.base/java.util.concurrent.FutureTask.run(FutureTask.java:264)
	at java.base/java.util.concurrent.ThreadPoolExecutor.runWorker(ThreadPoolExecutor.java:1136)
	at java.base/java.util.concurrent.ThreadPoolExecutor$Worker.run(ThreadPoolExecutor.java:635)
	at java.base/java.lang.Thread.run(Thread.java:833)
... Removed 24 stack frames
</div> <!-- stack-trace -->
                </div> <!-- method-content -->
              </div> <!-- method -->
              <div class="method">
                <div class="method-content">
                  <a name="searchTest(samsung, Samsung SyncMaster 941BW, 1)">
                  </a> <!-- searchTest(samsung, Samsung SyncMaster 941BW, 1) -->
                  <span class="method-name">searchTest</span>
                  <span class="parameters">(samsung,Samsung SyncMaster 941BW,1)</span>
                  <div class="stack-trace">java.lang.AssertionError: expected [1] but found [0]
	at com.qa.opencart.TestClass.AccountsPageTest.searchTest(AccountsPageTest.java:58)
	at java.base/java.util.ArrayList.forEach(ArrayList.java:1511)
	at java.base/java.util.concurrent.FutureTask.run(FutureTask.java:264)
	at java.base/java.util.concurrent.ThreadPoolExecutor.runWorker(ThreadPoolExecutor.java:1136)
	at java.base/java.util.concurrent.ThreadPoolExecutor$Worker.run(ThreadPoolExecutor.java:635)
	at java.base/java.lang.Thread.run(Thread.java:833)
... Removed 24 stack frames
</div> <!-- stack-trace -->
                </div> <!-- method-content -->
              </div> <!-- method -->
            </div> <!-- main-panel-content rounded-window-bottom -->
          </div> <!-- suite-OpenCart_Regression_Suite_test-class-failed -->
          <div class="suite-OpenCart_Regression_Suite_test-class-passed">
            <div class="main-panel-header rounded-window-top">
              <img src="passed.png"/>
              <span class="class-name">com.qa.opencart.TestClass.ProductInfoPageTest</span>
            </div> <!-- main-panel-header rounded-window-top -->
            <div class="main-panel-content rounded-window-bottom">
              <div class="method">
                <div class="method-content">
                  <a name="productHeaderTest">
                  </a> <!-- productHeaderTest -->
                  <span class="method-name">productHeaderTest</span>
                </div> <!-- method-content -->
              </div> <!-- method -->
            </div> <!-- main-panel-content rounded-window-bottom -->
          </div> <!-- suite-OpenCart_Regression_Suite_test-class-passed -->
          <div class="suite-OpenCart_Regression_Suite_test-class-passed">
            <div class="main-panel-header rounded-window-top">
              <img src="passed.png"/>
              <span class="class-name">com.qa.opencart.TestClass.LoginPageTest</span>
            </div> <!-- main-panel-header rounded-window-top -->
            <div class="main-panel-content rounded-window-bottom">
              <div class="method">
                <div class="method-content">
                  <a name="LoginPageTitleTest">
                  </a> <!-- LoginPageTitleTest -->
                  <span class="method-name">LoginPageTitleTest</span>
                </div> <!-- method-content -->
              </div> <!-- method -->
              <div class="method">
                <div class="method-content">
                  <a name="LoginPageUrlTest">
                  </a> <!-- LoginPageUrlTest -->
                  <span class="method-name">LoginPageUrlTest</span>
                </div> <!-- method-content -->
              </div> <!-- method -->
              <div class="method">
                <div class="method-content">
                  <a name="doLoginTest">
                  </a> <!-- doLoginTest -->
                  <span class="method-name">doLoginTest</span>
                </div> <!-- method-content -->
              </div> <!-- method -->
              <div class="method">
                <div class="method-content">
                  <a name="isForgotPassLinkPresentTest">
                  </a> <!-- isForgotPassLinkPresentTest -->
                  <span class="method-name">isForgotPassLinkPresentTest</span>
                </div> <!-- method-content -->
              </div> <!-- method -->
            </div> <!-- main-panel-content rounded-window-bottom -->
          </div> <!-- suite-OpenCart_Regression_Suite_test-class-passed -->
          <div class="suite-OpenCart_Regression_Suite_test-class-passed">
            <div class="main-panel-header rounded-window-top">
              <img src="passed.png"/>
              <span class="class-name">com.qa.opencart.TestClass.AccountsPageTest</span>
            </div> <!-- main-panel-header rounded-window-top -->
            <div class="main-panel-content rounded-window-bottom">
              <div class="method">
                <div class="method-content">
                  <a name="accPageHeadersCountTest">
                  </a> <!-- accPageHeadersCountTest -->
                  <span class="method-name">accPageHeadersCountTest</span>
                </div> <!-- method-content -->
              </div> <!-- method -->
              <div class="method">
                <div class="method-content">
                  <a name="accountsPageTitleTest">
                  </a> <!-- accountsPageTitleTest -->
                  <span class="method-name">accountsPageTitleTest</span>
                </div> <!-- method-content -->
              </div> <!-- method -->
              <div class="method">
                <div class="method-content">
                  <a name="logoutLinkExistsTest">
                  </a> <!-- logoutLinkExistsTest -->
                  <span class="method-name">logoutLinkExistsTest</span>
                </div> <!-- method-content -->
              </div> <!-- method -->
            </div> <!-- main-panel-content rounded-window-bottom -->
          </div> <!-- suite-OpenCart_Regression_Suite_test-class-passed -->
        </div> <!-- panel OpenCart_Regression_Suite_test -->
        <div panel-name="test-xml-OpenCart_Regression_Suite_test" class="panel">
          <div class="main-panel-header rounded-window-top">
            <span class="header-content">C:\Users\Nitin01\eclipse-workspace\March2023OpenCart\testng.xml</span>
          </div> <!-- main-panel-header rounded-window-top -->
          <div class="main-panel-content rounded-window-bottom">
            <pre>
&lt;?xml version=&quot;1.0&quot; encoding=&quot;UTF-8&quot;?&gt;
&lt;!DOCTYPE suite SYSTEM &quot;https://testng.org/testng-1.0.dtd&quot;&gt;
&lt;suite thread-count=&quot;3&quot; parallel=&quot;tests&quot; name=&quot;OpenCart Regression Suite test&quot; guice-stage=&quot;DEVELOPMENT&quot;&gt;
  &lt;test thread-count=&quot;3&quot; parallel=&quot;tests&quot; name=&quot;Login Page Test&quot;&gt;
    &lt;classes&gt;
      &lt;class name=&quot;com.qa.opencart.TestClass.LoginPageTest&quot;/&gt;
    &lt;/classes&gt;
  &lt;/test&gt; &lt;!-- Login Page Test --&gt;
  &lt;test thread-count=&quot;3&quot; parallel=&quot;tests&quot; name=&quot;AccountsPageTest&quot;&gt;
    &lt;classes&gt;
      &lt;class name=&quot;com.qa.opencart.TestClass.AccountsPageTest&quot;/&gt;
    &lt;/classes&gt;
  &lt;/test&gt; &lt;!-- AccountsPageTest --&gt;
  &lt;test thread-count=&quot;3&quot; parallel=&quot;tests&quot; name=&quot;ProductInfoPageTest&quot;&gt;
    &lt;classes&gt;
      &lt;class name=&quot;com.qa.opencart.TestClass.ProductInfoPageTest&quot;/&gt;
    &lt;/classes&gt;
  &lt;/test&gt; &lt;!-- ProductInfoPageTest --&gt;
&lt;/suite&gt; &lt;!-- OpenCart Regression Suite test --&gt;
            </pre>
          </div> <!-- main-panel-content rounded-window-bottom -->
        </div> <!-- panel -->
        <div panel-name="testlist-OpenCart_Regression_Suite_test" class="panel">
          <div class="main-panel-header rounded-window-top">
            <span class="header-content">Tests for OpenCart Regression Suite test</span>
          </div> <!-- main-panel-header rounded-window-top -->
          <div class="main-panel-content rounded-window-bottom">
            <ul>
              <li>
                <span class="test-name">Login Page Test (1 class)</span>
              </li>
              <li>
                <span class="test-name">AccountsPageTest (1 class)</span>
              </li>
              <li>
                <span class="test-name">ProductInfoPageTest (1 class)</span>
              </li>
            </ul>
          </div> <!-- main-panel-content rounded-window-bottom -->
        </div> <!-- panel -->
        <div panel-name="group-OpenCart_Regression_Suite_test" class="panel">
          <div class="main-panel-header rounded-window-top">
            <span class="header-content">Groups for OpenCart Regression Suite test</span>
          </div> <!-- main-panel-header rounded-window-top -->
          <div class="main-panel-content rounded-window-bottom">
          </div> <!-- main-panel-content rounded-window-bottom -->
        </div> <!-- panel -->
        <div panel-name="times-OpenCart_Regression_Suite_test" class="panel">
          <div class="main-panel-header rounded-window-top">
            <span class="header-content">Times for OpenCart Regression Suite test</span>
          </div> <!-- main-panel-header rounded-window-top -->
          <div class="main-panel-content rounded-window-bottom">
            <div class="times-div">
              <script type="text/javascript">
suiteTableInitFunctions.push('tableData_OpenCart_Regression_Suite_test');
function tableData_OpenCart_Regression_Suite_test() {
var data = new google.visualization.DataTable();
data.addColumn('number', 'Number');
data.addColumn('string', 'Method');
data.addColumn('string', 'Class');
data.addColumn('number', 'Time (ms)');
data.addRows(12);
data.setCell(0, 0, 0)
data.setCell(0, 1, 'productHeaderTest')
data.setCell(0, 2, 'com.qa.opencart.TestClass.ProductInfoPageTest')
data.setCell(0, 3, 6972);
data.setCell(1, 0, 1)
data.setCell(1, 1, 'searchTest')
data.setCell(1, 2, 'com.qa.opencart.TestClass.AccountsPageTest')
data.setCell(1, 3, 5626);
data.setCell(2, 0, 2)
data.setCell(2, 1, 'doLoginTest')
data.setCell(2, 2, 'com.qa.opencart.TestClass.LoginPageTest')
data.setCell(2, 3, 4039);
data.setCell(3, 0, 3)
data.setCell(3, 1, 'searchTest')
data.setCell(3, 2, 'com.qa.opencart.TestClass.AccountsPageTest')
data.setCell(3, 3, 2636);
data.setCell(4, 0, 4)
data.setCell(4, 1, 'searchTest')
data.setCell(4, 2, 'com.qa.opencart.TestClass.AccountsPageTest')
data.setCell(4, 3, 1853);
data.setCell(5, 0, 5)
data.setCell(5, 1, 'searchTest')
data.setCell(5, 2, 'com.qa.opencart.TestClass.AccountsPageTest')
data.setCell(5, 3, 1760);
data.setCell(6, 0, 6)
data.setCell(6, 1, 'accPageHeadersCountTest')
data.setCell(6, 2, 'com.qa.opencart.TestClass.AccountsPageTest')
data.setCell(6, 3, 1225);
data.setCell(7, 0, 7)
data.setCell(7, 1, 'isForgotPassLinkPresentTest')
data.setCell(7, 2, 'com.qa.opencart.TestClass.LoginPageTest')
data.setCell(7, 3, 1095);
data.setCell(8, 0, 8)
data.setCell(8, 1, 'accountsPageTitleTest')
data.setCell(8, 2, 'com.qa.opencart.TestClass.AccountsPageTest')
data.setCell(8, 3, 208);
data.setCell(9, 0, 9)
data.setCell(9, 1, 'logoutLinkExistsTest')
data.setCell(9, 2, 'com.qa.opencart.TestClass.AccountsPageTest')
data.setCell(9, 3, 193);
data.setCell(10, 0, 10)
data.setCell(10, 1, 'LoginPageTitleTest')
data.setCell(10, 2, 'com.qa.opencart.TestClass.LoginPageTest')
data.setCell(10, 3, 70);
data.setCell(11, 0, 11)
data.setCell(11, 1, 'LoginPageUrlTest')
data.setCell(11, 2, 'com.qa.opencart.TestClass.LoginPageTest')
data.setCell(11, 3, 28);
window.suiteTableData['OpenCart_Regression_Suite_test']= { tableData: data, tableDiv: 'times-div-OpenCart_Regression_Suite_test'}
return data;
}
              </script>
              <span class="suite-total-time">Total running time: 58 seconds</span>
              <div id="times-div-OpenCart_Regression_Suite_test">
              </div> <!-- times-div-OpenCart_Regression_Suite_test -->
            </div> <!-- times-div -->
          </div> <!-- main-panel-content rounded-window-bottom -->
        </div> <!-- panel -->
        <div panel-name="reporter-OpenCart_Regression_Suite_test" class="panel">
          <div class="main-panel-header rounded-window-top">
            <span class="header-content">Reporter output for OpenCart Regression Suite test</span>
          </div> <!-- main-panel-header rounded-window-top -->
          <div class="main-panel-content rounded-window-bottom">
          </div> <!-- main-panel-content rounded-window-bottom -->
        </div> <!-- panel -->
        <div panel-name="ignored-methods-OpenCart_Regression_Suite_test" class="panel">
          <div class="main-panel-header rounded-window-top">
            <span class="header-content">0 ignored methods</span>
          </div> <!-- main-panel-header rounded-window-top -->
          <div class="main-panel-content rounded-window-bottom">
          </div> <!-- main-panel-content rounded-window-bottom -->
        </div> <!-- panel -->
        <div panel-name="chronological-OpenCart_Regression_Suite_test" class="panel">
          <div class="main-panel-header rounded-window-top">
            <span class="header-content">Methods in chronological order</span>
          </div> <!-- main-panel-header rounded-window-top -->
          <div class="main-panel-content rounded-window-bottom">
            <div class="chronological-class">
              <div class="chronological-class-name">com.qa.opencart.TestClass.LoginPageTest</div> <!-- chronological-class-name -->
              <div class="configuration-test before">
                <span class="method-name">setUp</span>
                <span class="method-start">0 ms</span>
              </div> <!-- configuration-test before -->
            </div> <!-- chronological-class -->
            <div class="chronological-class">
              <div class="chronological-class-name">com.qa.opencart.TestClass.ProductInfoPageTest</div> <!-- chronological-class-name -->
              <div class="configuration-test before">
                <span class="method-name">setUp</span>
                <span class="method-start">4 ms</span>
              </div> <!-- configuration-test before -->
            </div> <!-- chronological-class -->
            <div class="chronological-class">
              <div class="chronological-class-name">com.qa.opencart.TestClass.AccountsPageTest</div> <!-- chronological-class-name -->
              <div class="configuration-test before">
                <span class="method-name">setUp</span>
                <span class="method-start">5 ms</span>
              </div> <!-- configuration-test before -->
              <div class="configuration-class before">
                <span class="method-name">accPageSetup</span>
                <span class="method-start">38797 ms</span>
              </div> <!-- configuration-class before -->
            </div> <!-- chronological-class -->
            <div class="chronological-class">
              <div class="chronological-class-name">com.qa.opencart.TestClass.ProductInfoPageTest</div> <!-- chronological-class-name -->
              <div class="configuration-class before">
                <span class="method-name">productInfoSetUp</span>
                <span class="method-start">38803 ms</span>
              </div> <!-- configuration-class before -->
            </div> <!-- chronological-class -->
            <div class="chronological-class">
              <div class="chronological-class-name">com.qa.opencart.TestClass.LoginPageTest</div> <!-- chronological-class-name -->
              <div class="test-method">
                <span class="method-name">LoginPageTitleTest</span>
                <span class="method-start">40003 ms</span>
              </div> <!-- test-method -->
              <div class="test-method">
                <span class="method-name">LoginPageUrlTest</span>
                <span class="method-start">40097 ms</span>
              </div> <!-- test-method -->
              <div class="test-method">
                <span class="method-name">doLoginTest</span>
                <span class="method-start">40128 ms</span>
              </div> <!-- test-method -->
            </div> <!-- chronological-class -->
            <div class="chronological-class">
              <div class="chronological-class-name">com.qa.opencart.TestClass.ProductInfoPageTest</div> <!-- chronological-class-name -->
              <div class="test-method">
                <span class="method-name">productHeaderTest</span>
                <span class="method-start">44171 ms</span>
              </div> <!-- test-method -->
            </div> <!-- chronological-class -->
            <div class="chronological-class">
              <div class="chronological-class-name">com.qa.opencart.TestClass.LoginPageTest</div> <!-- chronological-class-name -->
              <div class="test-method">
                <span class="method-name">isForgotPassLinkPresentTest</span>
                <span class="method-start">44176 ms</span>
              </div> <!-- test-method -->
            </div> <!-- chronological-class -->
            <div class="chronological-class">
              <div class="chronological-class-name">com.qa.opencart.TestClass.AccountsPageTest</div> <!-- chronological-class-name -->
              <div class="test-method">
                <span class="method-name">accPageHeadersCountTest</span>
                <span class="method-start">44257 ms</span>
              </div> <!-- test-method -->
            </div> <!-- chronological-class -->
            <div class="chronological-class">
              <div class="chronological-class-name">com.qa.opencart.TestClass.LoginPageTest</div> <!-- chronological-class-name -->
              <div class="configuration-test after">
                <span class="method-name">tearDown</span>
                <span class="method-start">45285 ms</span>
              </div> <!-- configuration-test after -->
            </div> <!-- chronological-class -->
            <div class="chronological-class">
              <div class="chronological-class-name">com.qa.opencart.TestClass.AccountsPageTest</div> <!-- chronological-class-name -->
              <div class="test-method">
                <span class="method-name">accountsPageTitleTest</span>
                <span class="method-start">45484 ms</span>
              </div> <!-- test-method -->
              <div class="test-method">
                <span class="method-name">logoutLinkExistsTest</span>
                <span class="method-start">45698 ms</span>
              </div> <!-- test-method -->
              <div class="test-method">
                <img src="failed.png">
                </img>
                <span class="method-name">searchTest(macbook, MacBook Pro, 3)</span>
                <span class="method-start">45899 ms</span>
              </div> <!-- test-method -->
            </div> <!-- chronological-class -->
            <div class="chronological-class">
              <div class="chronological-class-name">com.qa.opencart.TestClass.ProductInfoPageTest</div> <!-- chronological-class-name -->
              <div class="configuration-test after">
                <span class="method-name">tearDown</span>
                <span class="method-start">51145 ms</span>
              </div> <!-- configuration-test after -->
            </div> <!-- chronological-class -->
            <div class="chronological-class">
              <div class="chronological-class-name">com.qa.opencart.TestClass.AccountsPageTest</div> <!-- chronological-class-name -->
              <div class="test-method">
                <img src="failed.png">
                </img>
                <span class="method-name">searchTest(imac, iMac, 3)</span>
                <span class="method-start">51527 ms</span>
              </div> <!-- test-method -->
              <div class="test-method">
                <img src="failed.png">
                </img>
                <span class="method-name">searchTest(samsung, Samsung SyncMaster 941BW, 1)</span>
                <span class="method-start">54165 ms</span>
              </div> <!-- test-method -->
              <div class="test-method">
                <img src="failed.png">
                </img>
                <span class="method-name">searchTest(samsung, Samsung Galaxy Tab 10.1, 7)</span>
                <span class="method-start">55927 ms</span>
              </div> <!-- test-method -->
              <div class="configuration-test after">
                <span class="method-name">tearDown</span>
                <span class="method-start">57785 ms</span>
              </div> <!-- configuration-test after -->
          </div> <!-- main-panel-content rounded-window-bottom -->
        </div> <!-- panel -->
      </div> <!-- main-panel-root -->
    </div> <!-- wrapper -->
  </body>
<script type="text/javascript" src="testng-reports2.js"></script>
</html>
